{
  "RSpec": {
    "coverage": {
      "/Users/jbobo/Desktop/FINAL-PROJECT-DBC-WOUND/source/spec/support/session_spec_helper_methods.rb": [
        1,
        1,
        1,
        null,
        null,
        null,
        1,
        0,
        null,
        null
      ],
      "/Users/jbobo/Desktop/FINAL-PROJECT-DBC-WOUND/source/app/controllers/sessions_controller.rb": [
        1,
        null,
        1,
        0,
        0,
        0,
        null,
        0,
        0,
        null,
        null,
        null,
        null,
        1,
        0,
        0,
        0,
        0,
        null,
        0,
        null,
        null,
        null,
        1,
        0,
        0,
        null,
        null,
        null,
        1,
        null,
        1,
        0,
        null,
        null
      ],
      "/Users/jbobo/Desktop/FINAL-PROJECT-DBC-WOUND/source/app/controllers/application_controller.rb": [
        1,
        null,
        null,
        1,
        null,
        null,
        1,
        0,
        null,
        null,
        1,
        0,
        null,
        null,
        null
      ],
      "/Users/jbobo/Desktop/FINAL-PROJECT-DBC-WOUND/source/app/models/user.rb": [
        1,
        1,
        1,
        null,
        1,
        0,
        null,
        null
      ]
    },
    "timestamp": 1399077462
  }
}
