{
  "RSpec": {
    "coverage": {
      "/Users/jbobo/Desktop/FINAL-PROJECT-DBC-WOUND/source/app/models/patient.rb": [
        1,
        1,
        1,
        null,
        1,
        1,
        null,
        null,
        null,
        null
      ],
      "/Users/jbobo/Desktop/FINAL-PROJECT-DBC-WOUND/source/spec/models/status_spec.rb": [
        1,
        null,
        1,
        2,
        2,
        2,
        2,
        2,
        2,
        2,
        2,
        2,
        2,
        2,
        2,
        2,
        2,
        null,
        null
      ],
      "/Users/jbobo/Desktop/FINAL-PROJECT-DBC-WOUND/source/app/models/status.rb": [
        1,
        1,
        null,
        null
      ],
      "/Users/jbobo/Desktop/FINAL-PROJECT-DBC-WOUND/source/spec/models/user_spec.rb": [
        1,
        null,
        1,
        2,
        1,
        1,
        null,
        1,
        1,
        1,
        null,
        null,
        1,
        1,
        1,
        null,
        null,
        2,
        2,
        2,
        2,
        2,
        2,
        null,
        null
      ],
      "/Users/jbobo/Desktop/FINAL-PROJECT-DBC-WOUND/source/app/models/user.rb": [
        1,
        1,
        1,
        null,
        1,
        1,
        null,
        null
      ],
      "/Users/jbobo/Desktop/FINAL-PROJECT-DBC-WOUND/source/spec/models/wound_spec.rb": [
        1,
        null,
        1,
        null,
        null,
        2,
        null
      ],
      "/Users/jbobo/Desktop/FINAL-PROJECT-DBC-WOUND/source/app/models/wound.rb": [
        1,
        1,
        1,
        null,
        null
      ]
    },
    "timestamp": 1399049457
  }
}
